[Feb 05 2016 13:07:21.000000 - INFO] POST /api/adwords/cm/v201509/DataService HTTP/1.1
Host: adwords.google.com
Connection: Keep-Alive
User-Agent: PHP-SOAP/5.5.12, gzip
Accept-Encoding: gzip, deflate
Content-Encoding: gzip
Content-Type: text/xml; charset=utf-8
SOAPAction: ""
Content-Length: 516
Authorization: Bearer ya29.fwI3oRv2xKRf1tBVsjqKCXQGLH5RSm189L7ZGfflZvv2_87CztJ_fVq1yvDROnHO1IeM1w

<?xml version="1.0" encoding="UTF-8"?>
<SOAP-ENV:Envelope xmlns:SOAP-ENV="http://schemas.xmlsoap.org/soap/envelope/" xmlns:ns1="https://adwords.google.com/api/adwords/cm/v201509">
  <SOAP-ENV:Header>
    <ns1:RequestHeader>
      <ns1:clientCustomerId>6539291121</ns1:clientCustomerId>
      <ns1:developerToken>cmGKSWCRtO60ETC-qlFKMA</ns1:developerToken>
      <ns1:userAgent>Omnitail (AwApi-PHP/7.0.0, Common-PHP/7.0.0, PHP/5.5.12)</ns1:userAgent>
    </ns1:RequestHeader>
  </SOAP-ENV:Header>
  <SOAP-ENV:Body>
    <ns1:getCriterionBidLandscape>
      <ns1:serviceSelector>
        <ns1:fields>AdGroupId</ns1:fields>
        <ns1:fields>CriterionId</ns1:fields>
        <ns1:fields>StartDate</ns1:fields>
        <ns1:fields>EndDate</ns1:fields>
        <ns1:fields>Bid</ns1:fields>
        <ns1:fields>LocalClicks</ns1:fields>
        <ns1:fields>LocalCost</ns1:fields>
        <ns1:fields>LocalImpressions</ns1:fields>
        <ns1:predicates>
          <ns1:field>AdGroupId</ns1:field>
          <ns1:operator>IN</ns1:operator>
          <ns1:values>18854262794</ns1:values>
        </ns1:predicates>
        <ns1:paging>
          <ns1:startIndex>0</ns1:startIndex>
          <ns1:numberResults>500</ns1:numberResults>
        </ns1:paging>
      </ns1:serviceSelector>
    </ns1:getCriterionBidLandscape>
  </SOAP-ENV:Body>
</SOAP-ENV:Envelope>

HTTP/1.1 200 OK
Content-Type: text/xml; charset=UTF-8
Content-Encoding: gzip
Date: Fri, 05 Feb 2016 12:07:22 GMT
Expires: Fri, 05 Feb 2016 12:07:22 GMT
Cache-Control: private, max-age=0
X-Content-Type-Options: nosniff
X-Frame-Options: SAMEORIGIN
X-XSS-Protection: 1; mode=block
Content-Length: 854
Server: GSE

<?xml version="1.0"?>
<soap:Envelope xmlns:soap="http://schemas.xmlsoap.org/soap/envelope/">
  <soap:Header>
    <ResponseHeader xmlns="https://adwords.google.com/api/adwords/cm/v201509">
      <requestId>00052b04b191c4280a4c49679b08c536</requestId>
      <serviceName>DataService</serviceName>
      <methodName>getCriterionBidLandscape</methodName>
      <operations>1</operations>
      <responseTime>322</responseTime>
    </ResponseHeader>
  </soap:Header>
  <soap:Body>
    <getCriterionBidLandscapeResponse xmlns="https://adwords.google.com/api/adwords/cm/v201509">
      <rval>
        <totalNumEntries>3</totalNumEntries>
        <Page.Type>CriterionBidLandscapePage</Page.Type>
        <entries>
          <DataEntry.Type>CriterionBidLandscape</DataEntry.Type>
          <adGroupId>18854262794</adGroupId>
          <startDate>20160127</startDate>
          <endDate>20160202</endDate>
          <landscapePoints>
            <bid>
              <ComparableValue.Type>Money</ComparableValue.Type>
              <microAmount>20000</microAmount>
            </bid>
            <clicks>0</clicks>
            <cost>
              <ComparableValue.Type>Money</ComparableValue.Type>
              <microAmount>0</microAmount>
            </cost>
            <impressions>3</impressions>
            <promotedImpressions>0</promotedImpressions>
          </landscapePoints>
          <landscapePoints>
            <bid>
              <ComparableValue.Type>Money</ComparableValue.Type>
              <microAmount>520000</microAmount>
            </bid>
            <clicks>1</clicks>
            <cost>
              <ComparableValue.Type>Money</ComparableValue.Type>
              <microAmount>270000</microAmount>
            </cost>
            <impressions>58</impressions>
            <promotedImpressions>0</promotedImpressions>
          </landscapePoints>
          <landscapePoints>
            <bid>
              <ComparableValue.Type>Money</ComparableValue.Type>
              <microAmount>1000000</microAmount>
            </bid>
            <clicks>2</clicks>
            <cost>
              <ComparableValue.Type>Money</ComparableValue.Type>
              <microAmount>2310000</microAmount>
            </cost>
            <impressions>155</impressions>
            <promotedImpressions>0</promotedImpressions>
          </landscapePoints>
          <landscapePoints>
            <bid>
              <ComparableValue.Type>Money</ComparableValue.Type>
              <microAmount>1400000</microAmount>
            </bid>
            <clicks>5</clicks>
            <cost>
              <ComparableValue.Type>Money</ComparableValue.Type>
              <microAmount>7300000</microAmount>
            </cost>
            <impressions>389</impressions>
            <promotedImpressions>0</promotedImpressions>
          </landscapePoints>
          <landscapePoints>
            <bid>
              <ComparableValue.Type>Money</ComparableValue.Type>
              <microAmount>1640000</microAmount>
            </bid>
            <clicks>8</clicks>
            <cost>
              <ComparableValue.Type>Money</ComparableValue.Type>
              <microAmount>14400000</microAmount>
            </cost>
            <impressions>744</impressions>
            <promotedImpressions>0</promotedImpressions>
          </landscapePoints>
          <landscapePoints>
            <bid>
              <ComparableValue.Type>Money</ComparableValue.Type>
              <microAmount>1830000</microAmount>
            </bid>
            <clicks>12</clicks>
            <cost>
              <ComparableValue.Type>Money</ComparableValue.Type>
              <microAmount>23000000</microAmount>
            </cost>
            <impressions>1120</impressions>
            <promotedImpressions>0</promotedImpressions>
          </landscapePoints>
          <landscapePoints>
            <bid>
              <ComparableValue.Type>Money</ComparableValue.Type>
              <microAmount>2040000</microAmount>
            </bid>
            <clicks>15</clicks>
            <cost>
              <ComparableValue.Type>Money</ComparableValue.Type>
              <microAmount>33900000</microAmount>
            </cost>
            <impressions>1480</impressions>
            <promotedImpressions>0</promotedImpressions>
          </landscapePoints>
          <landscapePoints>
            <bid>
              <ComparableValue.Type>Money</ComparableValue.Type>
              <microAmount>2300000</microAmount>
            </bid>
            <clicks>18</clicks>
            <cost>
              <ComparableValue.Type>Money</ComparableValue.Type>
              <microAmount>44700000</microAmount>
            </cost>
            <impressions>1810</impressions>
            <promotedImpressions>0</promotedImpressions>
          </landscapePoints>
          <landscapePoints>
            <bid>
              <ComparableValue.Type>Money</ComparableValue.Type>
              <microAmount>2640000</microAmount>
            </bid>
            <clicks>22</clicks>
            <cost>
              <ComparableValue.Type>Money</ComparableValue.Type>
              <microAmount>57600000</microAmount>
            </cost>
            <impressions>2100</impressions>
            <promotedImpressions>0</promotedImpressions>
          </landscapePoints>
          <landscapePoints>
            <bid>
              <ComparableValue.Type>Money</ComparableValue.Type>
              <microAmount>3000000</microAmount>
            </bid>
            <clicks>26</clicks>
            <cost>
              <ComparableValue.Type>Money</ComparableValue.Type>
              <microAmount>77600000</microAmount>
            </cost>
            <impressions>2340</impressions>
            <promotedImpressions>0</promotedImpressions>
          </landscapePoints>
          <criterionId>119831750954</criterionId>
        </entries>
        <entries>
          <DataEntry.Type>CriterionBidLandscape</DataEntry.Type>
          <adGroupId>18854262794</adGroupId>
          <startDate>20160127</startDate>
          <endDate>20160202</endDate>
          <landscapePoints>
            <bid>
              <ComparableValue.Type>Money</ComparableValue.Type>
              <microAmount>20000</microAmount>
            </bid>
            <clicks>0</clicks>
            <cost>
              <ComparableValue.Type>Money</ComparableValue.Type>
              <microAmount>0</microAmount>
            </cost>
            <impressions>3</impressions>
            <promotedImpressions>0</promotedImpressions>
          </landscapePoints>
          <landscapePoints>
            <bid>
              <ComparableValue.Type>Money</ComparableValue.Type>
              <microAmount>520000</microAmount>
            </bid>
            <clicks>1</clicks>
            <cost>
              <ComparableValue.Type>Money</ComparableValue.Type>
              <microAmount>270000</microAmount>
            </cost>
            <impressions>59</impressions>
            <promotedImpressions>0</promotedImpressions>
          </landscapePoints>
          <landscapePoints>
            <bid>
              <ComparableValue.Type>Money</ComparableValue.Type>
              <microAmount>1000000</microAmount>
            </bid>
            <clicks>2</clicks>
            <cost>
              <ComparableValue.Type>Money</ComparableValue.Type>
              <microAmount>2310000</microAmount>
            </cost>
            <impressions>157</impressions>
            <promotedImpressions>0</promotedImpressions>
          </landscapePoints>
          <landscapePoints>
            <bid>
              <ComparableValue.Type>Money</ComparableValue.Type>
              <microAmount>1400000</microAmount>
            </bid>
            <clicks>5</clicks>
            <cost>
              <ComparableValue.Type>Money</ComparableValue.Type>
              <microAmount>7310000</microAmount>
            </cost>
            <impressions>393</impressions>
            <promotedImpressions>0</promotedImpressions>
          </landscapePoints>
          <landscapePoints>
            <bid>
              <ComparableValue.Type>Money</ComparableValue.Type>
              <microAmount>1640000</microAmount>
            </bid>
            <clicks>8</clicks>
            <cost>
              <ComparableValue.Type>Money</ComparableValue.Type>
              <microAmount>14400000</microAmount>
            </cost>
            <impressions>748</impressions>
            <promotedImpressions>0</promotedImpressions>
          </landscapePoints>
          <landscapePoints>
            <bid>
              <ComparableValue.Type>Money</ComparableValue.Type>
              <microAmount>1830000</microAmount>
            </bid>
            <clicks>12</clicks>
            <cost>
              <ComparableValue.Type>Money</ComparableValue.Type>
              <microAmount>23000000</microAmount>
            </cost>
            <impressions>1130</impressions>
            <promotedImpressions>0</promotedImpressions>
          </landscapePoints>
          <landscapePoints>
            <bid>
              <ComparableValue.Type>Money</ComparableValue.Type>
              <microAmount>2040000</microAmount>
            </bid>
            <clicks>15</clicks>
            <cost>
              <ComparableValue.Type>Money</ComparableValue.Type>
              <microAmount>34000000</microAmount>
            </cost>
            <impressions>1500</impressions>
            <promotedImpressions>0</promotedImpressions>
          </landscapePoints>
          <landscapePoints>
            <bid>
              <ComparableValue.Type>Money</ComparableValue.Type>
              <microAmount>2300000</microAmount>
            </bid>
            <clicks>18</clicks>
            <cost>
              <ComparableValue.Type>Money</ComparableValue.Type>
              <microAmount>44800000</microAmount>
            </cost>
            <impressions>1840</impressions>
            <promotedImpressions>0</promotedImpressions>
          </landscapePoints>
          <landscapePoints>
            <bid>
              <ComparableValue.Type>Money</ComparableValue.Type>
              <microAmount>2640000</microAmount>
            </bid>
            <clicks>22</clicks>
            <cost>
              <ComparableValue.Type>Money</ComparableValue.Type>
              <microAmount>57900000</microAmount>
            </cost>
            <impressions>2140</impressions>
            <promotedImpressions>0</promotedImpressions>
          </landscapePoints>
          <landscapePoints>
            <bid>
              <ComparableValue.Type>Money</ComparableValue.Type>
              <microAmount>3000000</microAmount>
            </bid>
            <clicks>26</clicks>
            <cost>
              <ComparableValue.Type>Money</ComparableValue.Type>
              <microAmount>78100000</microAmount>
            </cost>
            <impressions>2400</impressions>
            <promotedImpressions>0</promotedImpressions>
          </landscapePoints>
          <criterionId>18283950120</criterionId>
        </entries>
        <entries>
          <DataEntry.Type>CriterionBidLandscape</DataEntry.Type>
          <adGroupId>18854262794</adGroupId>
          <startDate>20160127</startDate>
          <endDate>20160202</endDate>
          <landscapePoints>
            <bid>
              <ComparableValue.Type>Money</ComparableValue.Type>
              <microAmount>520000</microAmount>
            </bid>
            <clicks>0</clicks>
            <cost>
              <ComparableValue.Type>Money</ComparableValue.Type>
              <microAmount>0</microAmount>
            </cost>
            <impressions>1</impressions>
            <promotedImpressions>0</promotedImpressions>
          </landscapePoints>
          <landscapePoints>
            <bid>
              <ComparableValue.Type>Money</ComparableValue.Type>
              <microAmount>1000000</microAmount>
            </bid>
            <clicks>0</clicks>
            <cost>
              <ComparableValue.Type>Money</ComparableValue.Type>
              <microAmount>0</microAmount>
            </cost>
            <impressions>2</impressions>
            <promotedImpressions>0</promotedImpressions>
          </landscapePoints>
          <landscapePoints>
            <bid>
              <ComparableValue.Type>Money</ComparableValue.Type>
              <microAmount>1400000</microAmount>
            </bid>
            <clicks>0</clicks>
            <cost>
              <ComparableValue.Type>Money</ComparableValue.Type>
              <microAmount>0</microAmount>
            </cost>
            <impressions>4</impressions>
            <promotedImpressions>0</promotedImpressions>
          </landscapePoints>
          <landscapePoints>
            <bid>
              <ComparableValue.Type>Money</ComparableValue.Type>
              <microAmount>1640000</microAmount>
            </bid>
            <clicks>0</clicks>
            <cost>
              <ComparableValue.Type>Money</ComparableValue.Type>
              <microAmount>0</microAmount>
            </cost>
            <impressions>4</impressions>
            <promotedImpressions>0</promotedImpressions>
          </landscapePoints>
          <landscapePoints>
            <bid>
              <ComparableValue.Type>Money</ComparableValue.Type>
              <microAmount>1830000</microAmount>
            </bid>
            <clicks>0</clicks>
            <cost>
              <ComparableValue.Type>Money</ComparableValue.Type>
              <microAmount>0</microAmount>
            </cost>
            <impressions>8</impressions>
            <promotedImpressions>0</promotedImpressions>
          </landscapePoints>
          <landscapePoints>
            <bid>
              <ComparableValue.Type>Money</ComparableValue.Type>
              <microAmount>2040000</microAmount>
            </bid>
            <clicks>0</clicks>
            <cost>
              <ComparableValue.Type>Money</ComparableValue.Type>
              <microAmount>0</microAmount>
            </cost>
            <impressions>15</impressions>
            <promotedImpressions>0</promotedImpressions>
          </landscapePoints>
          <landscapePoints>
            <bid>
              <ComparableValue.Type>Money</ComparableValue.Type>
              <microAmount>2300000</microAmount>
            </bid>
            <clicks>0</clicks>
            <cost>
              <ComparableValue.Type>Money</ComparableValue.Type>
              <microAmount>0</microAmount>
            </cost>
            <impressions>23</impressions>
            <promotedImpressions>0</promotedImpressions>
          </landscapePoints>
          <landscapePoints>
            <bid>
              <ComparableValue.Type>Money</ComparableValue.Type>
              <microAmount>2640000</microAmount>
            </bid>
            <clicks>0</clicks>
            <cost>
              <ComparableValue.Type>Money</ComparableValue.Type>
              <microAmount>0</microAmount>
            </cost>
            <impressions>38</impressions>
            <promotedImpressions>0</promotedImpressions>
          </landscapePoints>
          <landscapePoints>
            <bid>
              <ComparableValue.Type>Money</ComparableValue.Type>
              <microAmount>3000000</microAmount>
            </bid>
            <clicks>0</clicks>
            <cost>
              <ComparableValue.Type>Money</ComparableValue.Type>
              <microAmount>0</microAmount>
            </cost>
            <impressions>54</impressions>
            <promotedImpressions>0</promotedImpressions>
          </landscapePoints>
          <criterionId>51320962143</criterionId>
        </entries>
      </rval>
    </getCriterionBidLandscapeResponse>
  </soap:Body>
</soap:Envelope>

[Feb 05 2016 13:07:22.000000 - INFO] POST /api/adwords/cm/v201509/DataService HTTP/1.1
Host: adwords.google.com
Connection: Keep-Alive
User-Agent: PHP-SOAP/5.5.12, gzip
Accept-Encoding: gzip, deflate
Content-Encoding: gzip
Content-Type: text/xml; charset=utf-8
SOAPAction: ""
Content-Length: 515
Authorization: Bearer ya29.fwI3oRv2xKRf1tBVsjqKCXQGLH5RSm189L7ZGfflZvv2_87CztJ_fVq1yvDROnHO1IeM1w

<?xml version="1.0" encoding="UTF-8"?>
<SOAP-ENV:Envelope xmlns:SOAP-ENV="http://schemas.xmlsoap.org/soap/envelope/" xmlns:ns1="https://adwords.google.com/api/adwords/cm/v201509">
  <SOAP-ENV:Header>
    <ns1:RequestHeader>
      <ns1:clientCustomerId>6539291121</ns1:clientCustomerId>
      <ns1:developerToken>cmGKSWCRtO60ETC-qlFKMA</ns1:developerToken>
      <ns1:userAgent>Omnitail (AwApi-PHP/7.0.0, Common-PHP/7.0.0, PHP/5.5.12)</ns1:userAgent>
    </ns1:RequestHeader>
  </SOAP-ENV:Header>
  <SOAP-ENV:Body>
    <ns1:getCriterionBidLandscape>
      <ns1:serviceSelector>
        <ns1:fields>AdGroupId</ns1:fields>
        <ns1:fields>CriterionId</ns1:fields>
        <ns1:fields>StartDate</ns1:fields>
        <ns1:fields>EndDate</ns1:fields>
        <ns1:fields>Bid</ns1:fields>
        <ns1:fields>LocalClicks</ns1:fields>
        <ns1:fields>LocalCost</ns1:fields>
        <ns1:fields>LocalImpressions</ns1:fields>
        <ns1:predicates>
          <ns1:field>AdGroupId</ns1:field>
          <ns1:operator>IN</ns1:operator>
          <ns1:values>18854262794</ns1:values>
        </ns1:predicates>
        <ns1:paging>
          <ns1:startIndex>500</ns1:startIndex>
          <ns1:numberResults>500</ns1:numberResults>
        </ns1:paging>
      </ns1:serviceSelector>
    </ns1:getCriterionBidLandscape>
  </SOAP-ENV:Body>
</SOAP-ENV:Envelope>

HTTP/1.1 200 OK
Content-Type: text/xml; charset=UTF-8
Content-Encoding: gzip
Date: Fri, 05 Feb 2016 12:07:23 GMT
Expires: Fri, 05 Feb 2016 12:07:23 GMT
Cache-Control: private, max-age=0
X-Content-Type-Options: nosniff
X-Frame-Options: SAMEORIGIN
X-XSS-Protection: 1; mode=block
Content-Length: 317
Server: GSE

<?xml version="1.0"?>
<soap:Envelope xmlns:soap="http://schemas.xmlsoap.org/soap/envelope/">
  <soap:Header>
    <ResponseHeader xmlns="https://adwords.google.com/api/adwords/cm/v201509">
      <requestId>00052b04b19ded710abfa097b303a9be</requestId>
      <serviceName>DataService</serviceName>
      <methodName>getCriterionBidLandscape</methodName>
      <operations>1</operations>
      <responseTime>440</responseTime>
    </ResponseHeader>
  </soap:Header>
  <soap:Body>
    <getCriterionBidLandscapeResponse xmlns="https://adwords.google.com/api/adwords/cm/v201509">
      <rval>
        <totalNumEntries>0</totalNumEntries>
        <Page.Type>CriterionBidLandscapePage</Page.Type>
      </rval>
    </getCriterionBidLandscapeResponse>
  </soap:Body>
</soap:Envelope>

[Feb 05 2016 13:08:34.000000 - INFO] POST /api/adwords/cm/v201509/DataService HTTP/1.1
Host: adwords.google.com
Connection: Keep-Alive
User-Agent: PHP-SOAP/5.5.12, gzip
Accept-Encoding: gzip, deflate
Content-Encoding: gzip
Content-Type: text/xml; charset=utf-8
SOAPAction: ""
Content-Length: 515
Authorization: Bearer ya29.fwKjyxd0c36SPz6TXhbUWQwPT-1SKBfxtbF2Dz8BhUeyxmiYNFfYSUMpTMCw3eQpxsiPzw

<?xml version="1.0" encoding="UTF-8"?>
<SOAP-ENV:Envelope xmlns:SOAP-ENV="http://schemas.xmlsoap.org/soap/envelope/" xmlns:ns1="https://adwords.google.com/api/adwords/cm/v201509">
  <SOAP-ENV:Header>
    <ns1:RequestHeader>
      <ns1:clientCustomerId>6539291121</ns1:clientCustomerId>
      <ns1:developerToken>cmGKSWCRtO60ETC-qlFKMA</ns1:developerToken>
      <ns1:userAgent>Omnitail (AwApi-PHP/7.0.0, Common-PHP/7.0.0, PHP/5.5.12)</ns1:userAgent>
    </ns1:RequestHeader>
  </SOAP-ENV:Header>
  <SOAP-ENV:Body>
    <ns1:getCriterionBidLandscape>
      <ns1:serviceSelector>
        <ns1:fields>AdGroupId</ns1:fields>
        <ns1:fields>CriterionId</ns1:fields>
        <ns1:fields>StartDate</ns1:fields>
        <ns1:fields>EndDate</ns1:fields>
        <ns1:fields>Bid</ns1:fields>
        <ns1:fields>LocalClicks</ns1:fields>
        <ns1:fields>LocalCost</ns1:fields>
        <ns1:fields>LocalImpressions</ns1:fields>
        <ns1:predicates>
          <ns1:field>AdGroupId</ns1:field>
          <ns1:operator>IN</ns1:operator>
          <ns1:values>18855360194</ns1:values>
        </ns1:predicates>
        <ns1:paging>
          <ns1:startIndex>0</ns1:startIndex>
          <ns1:numberResults>500</ns1:numberResults>
        </ns1:paging>
      </ns1:serviceSelector>
    </ns1:getCriterionBidLandscape>
  </SOAP-ENV:Body>
</SOAP-ENV:Envelope>

HTTP/1.1 200 OK
Content-Type: text/xml; charset=UTF-8
Content-Encoding: gzip
Date: Fri, 05 Feb 2016 12:08:35 GMT
Expires: Fri, 05 Feb 2016 12:08:35 GMT
Cache-Control: private, max-age=0
X-Content-Type-Options: nosniff
X-Frame-Options: SAMEORIGIN
X-XSS-Protection: 1; mode=block
Content-Length: 715
Server: GSE

<?xml version="1.0"?>
<soap:Envelope xmlns:soap="http://schemas.xmlsoap.org/soap/envelope/">
  <soap:Header>
    <ResponseHeader xmlns="https://adwords.google.com/api/adwords/cm/v201509">
      <requestId>00052b04b5ea3d200abf2ece9a00eed4</requestId>
      <serviceName>DataService</serviceName>
      <methodName>getCriterionBidLandscape</methodName>
      <operations>1</operations>
      <responseTime>249</responseTime>
    </ResponseHeader>
  </soap:Header>
  <soap:Body>
    <getCriterionBidLandscapeResponse xmlns="https://adwords.google.com/api/adwords/cm/v201509">
      <rval>
        <totalNumEntries>2</totalNumEntries>
        <Page.Type>CriterionBidLandscapePage</Page.Type>
        <entries>
          <DataEntry.Type>CriterionBidLandscape</DataEntry.Type>
          <adGroupId>18855360194</adGroupId>
          <startDate>20160127</startDate>
          <endDate>20160202</endDate>
          <landscapePoints>
            <bid>
              <ComparableValue.Type>Money</ComparableValue.Type>
              <microAmount>10000</microAmount>
            </bid>
            <clicks>1</clicks>
            <cost>
              <ComparableValue.Type>Money</ComparableValue.Type>
              <microAmount>0</microAmount>
            </cost>
            <impressions>49</impressions>
            <promotedImpressions>0</promotedImpressions>
          </landscapePoints>
          <landscapePoints>
            <bid>
              <ComparableValue.Type>Money</ComparableValue.Type>
              <microAmount>710000</microAmount>
            </bid>
            <clicks>12</clicks>
            <cost>
              <ComparableValue.Type>Money</ComparableValue.Type>
              <microAmount>4490000</microAmount>
            </cost>
            <impressions>636</impressions>
            <promotedImpressions>0</promotedImpressions>
          </landscapePoints>
          <landscapePoints>
            <bid>
              <ComparableValue.Type>Money</ComparableValue.Type>
              <microAmount>1220000</microAmount>
            </bid>
            <clicks>32</clicks>
            <cost>
              <ComparableValue.Type>Money</ComparableValue.Type>
              <microAmount>24000000</microAmount>
            </cost>
            <impressions>1480</impressions>
            <promotedImpressions>0</promotedImpressions>
          </landscapePoints>
          <landscapePoints>
            <bid>
              <ComparableValue.Type>Money</ComparableValue.Type>
              <microAmount>1660000</microAmount>
            </bid>
            <clicks>52</clicks>
            <cost>
              <ComparableValue.Type>Money</ComparableValue.Type>
              <microAmount>54000000</microAmount>
            </cost>
            <impressions>2390</impressions>
            <promotedImpressions>0</promotedImpressions>
          </landscapePoints>
          <landscapePoints>
            <bid>
              <ComparableValue.Type>Money</ComparableValue.Type>
              <microAmount>2090000</microAmount>
            </bid>
            <clicks>69</clicks>
            <cost>
              <ComparableValue.Type>Money</ComparableValue.Type>
              <microAmount>86400000</microAmount>
            </cost>
            <impressions>3310</impressions>
            <promotedImpressions>0</promotedImpressions>
          </landscapePoints>
          <landscapePoints>
            <bid>
              <ComparableValue.Type>Money</ComparableValue.Type>
              <microAmount>2550000</microAmount>
            </bid>
            <clicks>85</clicks>
            <cost>
              <ComparableValue.Type>Money</ComparableValue.Type>
              <microAmount>128000000</microAmount>
            </cost>
            <impressions>4190</impressions>
            <promotedImpressions>0</promotedImpressions>
          </landscapePoints>
          <landscapePoints>
            <bid>
              <ComparableValue.Type>Money</ComparableValue.Type>
              <microAmount>2990000</microAmount>
            </bid>
            <clicks>100</clicks>
            <cost>
              <ComparableValue.Type>Money</ComparableValue.Type>
              <microAmount>176000000</microAmount>
            </cost>
            <impressions>4940</impressions>
            <promotedImpressions>0</promotedImpressions>
          </landscapePoints>
          <landscapePoints>
            <bid>
              <ComparableValue.Type>Money</ComparableValue.Type>
              <microAmount>3580000</microAmount>
            </bid>
            <clicks>112</clicks>
            <cost>
              <ComparableValue.Type>Money</ComparableValue.Type>
              <microAmount>232000000</microAmount>
            </cost>
            <impressions>5500</impressions>
            <promotedImpressions>0</promotedImpressions>
          </landscapePoints>
          <landscapePoints>
            <bid>
              <ComparableValue.Type>Money</ComparableValue.Type>
              <microAmount>4290000</microAmount>
            </bid>
            <clicks>122</clicks>
            <cost>
              <ComparableValue.Type>Money</ComparableValue.Type>
              <microAmount>291000000</microAmount>
            </cost>
            <impressions>5800</impressions>
            <promotedImpressions>0</promotedImpressions>
          </landscapePoints>
          <landscapePoints>
            <bid>
              <ComparableValue.Type>Money</ComparableValue.Type>
              <microAmount>5050000</microAmount>
            </bid>
            <clicks>129</clicks>
            <cost>
              <ComparableValue.Type>Money</ComparableValue.Type>
              <microAmount>346000000</microAmount>
            </cost>
            <impressions>5930</impressions>
            <promotedImpressions>0</promotedImpressions>
          </landscapePoints>
          <criterionId>18283950120</criterionId>
        </entries>
        <entries>
          <DataEntry.Type>CriterionBidLandscape</DataEntry.Type>
          <adGroupId>18855360194</adGroupId>
          <startDate>20160127</startDate>
          <endDate>20160202</endDate>
          <landscapePoints>
            <bid>
              <ComparableValue.Type>Money</ComparableValue.Type>
              <microAmount>10000</microAmount>
            </bid>
            <clicks>1</clicks>
            <cost>
              <ComparableValue.Type>Money</ComparableValue.Type>
              <microAmount>0</microAmount>
            </cost>
            <impressions>49</impressions>
            <promotedImpressions>0</promotedImpressions>
          </landscapePoints>
          <landscapePoints>
            <bid>
              <ComparableValue.Type>Money</ComparableValue.Type>
              <microAmount>710000</microAmount>
            </bid>
            <clicks>12</clicks>
            <cost>
              <ComparableValue.Type>Money</ComparableValue.Type>
              <microAmount>4490000</microAmount>
            </cost>
            <impressions>636</impressions>
            <promotedImpressions>0</promotedImpressions>
          </landscapePoints>
          <landscapePoints>
            <bid>
              <ComparableValue.Type>Money</ComparableValue.Type>
              <microAmount>1220000</microAmount>
            </bid>
            <clicks>32</clicks>
            <cost>
              <ComparableValue.Type>Money</ComparableValue.Type>
              <microAmount>24000000</microAmount>
            </cost>
            <impressions>1480</impressions>
            <promotedImpressions>0</promotedImpressions>
          </landscapePoints>
          <landscapePoints>
            <bid>
              <ComparableValue.Type>Money</ComparableValue.Type>
              <microAmount>1660000</microAmount>
            </bid>
            <clicks>52</clicks>
            <cost>
              <ComparableValue.Type>Money</ComparableValue.Type>
              <microAmount>54000000</microAmount>
            </cost>
            <impressions>2390</impressions>
            <promotedImpressions>0</promotedImpressions>
          </landscapePoints>
          <landscapePoints>
            <bid>
              <ComparableValue.Type>Money</ComparableValue.Type>
              <microAmount>2090000</microAmount>
            </bid>
            <clicks>69</clicks>
            <cost>
              <ComparableValue.Type>Money</ComparableValue.Type>
              <microAmount>86400000</microAmount>
            </cost>
            <impressions>3310</impressions>
            <promotedImpressions>0</promotedImpressions>
          </landscapePoints>
          <landscapePoints>
            <bid>
              <ComparableValue.Type>Money</ComparableValue.Type>
              <microAmount>2550000</microAmount>
            </bid>
            <clicks>85</clicks>
            <cost>
              <ComparableValue.Type>Money</ComparableValue.Type>
              <microAmount>128000000</microAmount>
            </cost>
            <impressions>4190</impressions>
            <promotedImpressions>0</promotedImpressions>
          </landscapePoints>
          <landscapePoints>
            <bid>
              <ComparableValue.Type>Money</ComparableValue.Type>
              <microAmount>2990000</microAmount>
            </bid>
            <clicks>100</clicks>
            <cost>
              <ComparableValue.Type>Money</ComparableValue.Type>
              <microAmount>176000000</microAmount>
            </cost>
            <impressions>4940</impressions>
            <promotedImpressions>0</promotedImpressions>
          </landscapePoints>
          <landscapePoints>
            <bid>
              <ComparableValue.Type>Money</ComparableValue.Type>
              <microAmount>3580000</microAmount>
            </bid>
            <clicks>112</clicks>
            <cost>
              <ComparableValue.Type>Money</ComparableValue.Type>
              <microAmount>232000000</microAmount>
            </cost>
            <impressions>5500</impressions>
            <promotedImpressions>0</promotedImpressions>
          </landscapePoints>
          <landscapePoints>
            <bid>
              <ComparableValue.Type>Money</ComparableValue.Type>
              <microAmount>4290000</microAmount>
            </bid>
            <clicks>122</clicks>
            <cost>
              <ComparableValue.Type>Money</ComparableValue.Type>
              <microAmount>291000000</microAmount>
            </cost>
            <impressions>5800</impressions>
            <promotedImpressions>0</promotedImpressions>
          </landscapePoints>
          <landscapePoints>
            <bid>
              <ComparableValue.Type>Money</ComparableValue.Type>
              <microAmount>5050000</microAmount>
            </bid>
            <clicks>129</clicks>
            <cost>
              <ComparableValue.Type>Money</ComparableValue.Type>
              <microAmount>346000000</microAmount>
            </cost>
            <impressions>5930</impressions>
            <promotedImpressions>0</promotedImpressions>
          </landscapePoints>
          <criterionId>93947543114</criterionId>
        </entries>
      </rval>
    </getCriterionBidLandscapeResponse>
  </soap:Body>
</soap:Envelope>

[Feb 05 2016 13:08:35.000000 - INFO] POST /api/adwords/cm/v201509/DataService HTTP/1.1
Host: adwords.google.com
Connection: Keep-Alive
User-Agent: PHP-SOAP/5.5.12, gzip
Accept-Encoding: gzip, deflate
Content-Encoding: gzip
Content-Type: text/xml; charset=utf-8
SOAPAction: ""
Content-Length: 515
Authorization: Bearer ya29.fwKjyxd0c36SPz6TXhbUWQwPT-1SKBfxtbF2Dz8BhUeyxmiYNFfYSUMpTMCw3eQpxsiPzw

<?xml version="1.0" encoding="UTF-8"?>
<SOAP-ENV:Envelope xmlns:SOAP-ENV="http://schemas.xmlsoap.org/soap/envelope/" xmlns:ns1="https://adwords.google.com/api/adwords/cm/v201509">
  <SOAP-ENV:Header>
    <ns1:RequestHeader>
      <ns1:clientCustomerId>6539291121</ns1:clientCustomerId>
      <ns1:developerToken>cmGKSWCRtO60ETC-qlFKMA</ns1:developerToken>
      <ns1:userAgent>Omnitail (AwApi-PHP/7.0.0, Common-PHP/7.0.0, PHP/5.5.12)</ns1:userAgent>
    </ns1:RequestHeader>
  </SOAP-ENV:Header>
  <SOAP-ENV:Body>
    <ns1:getCriterionBidLandscape>
      <ns1:serviceSelector>
        <ns1:fields>AdGroupId</ns1:fields>
        <ns1:fields>CriterionId</ns1:fields>
        <ns1:fields>StartDate</ns1:fields>
        <ns1:fields>EndDate</ns1:fields>
        <ns1:fields>Bid</ns1:fields>
        <ns1:fields>LocalClicks</ns1:fields>
        <ns1:fields>LocalCost</ns1:fields>
        <ns1:fields>LocalImpressions</ns1:fields>
        <ns1:predicates>
          <ns1:field>AdGroupId</ns1:field>
          <ns1:operator>IN</ns1:operator>
          <ns1:values>18855360194</ns1:values>
        </ns1:predicates>
        <ns1:paging>
          <ns1:startIndex>500</ns1:startIndex>
          <ns1:numberResults>500</ns1:numberResults>
        </ns1:paging>
      </ns1:serviceSelector>
    </ns1:getCriterionBidLandscape>
  </SOAP-ENV:Body>
</SOAP-ENV:Envelope>

HTTP/1.1 200 OK
Content-Type: text/xml; charset=UTF-8
Content-Encoding: gzip
Date: Fri, 05 Feb 2016 12:08:36 GMT
Expires: Fri, 05 Feb 2016 12:08:36 GMT
Cache-Control: private, max-age=0
X-Content-Type-Options: nosniff
X-Frame-Options: SAMEORIGIN
X-XSS-Protection: 1; mode=block
Content-Length: 317
Server: GSE

<?xml version="1.0"?>
<soap:Envelope xmlns:soap="http://schemas.xmlsoap.org/soap/envelope/">
  <soap:Header>
    <ResponseHeader xmlns="https://adwords.google.com/api/adwords/cm/v201509">
      <requestId>00052b04b5f6df800abfd7d8d70dae88</requestId>
      <serviceName>DataService</serviceName>
      <methodName>getCriterionBidLandscape</methodName>
      <operations>1</operations>
      <responseTime>397</responseTime>
    </ResponseHeader>
  </soap:Header>
  <soap:Body>
    <getCriterionBidLandscapeResponse xmlns="https://adwords.google.com/api/adwords/cm/v201509">
      <rval>
        <totalNumEntries>0</totalNumEntries>
        <Page.Type>CriterionBidLandscapePage</Page.Type>
      </rval>
    </getCriterionBidLandscapeResponse>
  </soap:Body>
</soap:Envelope>

[Feb 05 2016 13:59:10.000000 - INFO] POST /api/adwords/cm/v201509/DataService HTTP/1.1
Host: adwords.google.com
Connection: Keep-Alive
User-Agent: PHP-SOAP/5.5.12, gzip
Accept-Encoding: gzip, deflate
Content-Encoding: gzip
Content-Type: text/xml; charset=utf-8
SOAPAction: ""
Content-Length: 515
Authorization: Bearer ya29.fwKPU9SRD7TyvbLt6Cl5onKXu7bfdgf1DqMT-d9NMHIBZNxCJuCgojdai-b1Dp1_Xcc3LQ

<?xml version="1.0" encoding="UTF-8"?>
<SOAP-ENV:Envelope xmlns:SOAP-ENV="http://schemas.xmlsoap.org/soap/envelope/" xmlns:ns1="https://adwords.google.com/api/adwords/cm/v201509">
  <SOAP-ENV:Header>
    <ns1:RequestHeader>
      <ns1:clientCustomerId>6539291121</ns1:clientCustomerId>
      <ns1:developerToken>cmGKSWCRtO60ETC-qlFKMA</ns1:developerToken>
      <ns1:userAgent>Omnitail (AwApi-PHP/7.0.0, Common-PHP/7.0.0, PHP/5.5.12)</ns1:userAgent>
    </ns1:RequestHeader>
  </SOAP-ENV:Header>
  <SOAP-ENV:Body>
    <ns1:getCriterionBidLandscape>
      <ns1:serviceSelector>
        <ns1:fields>AdGroupId</ns1:fields>
        <ns1:fields>CriterionId</ns1:fields>
        <ns1:fields>StartDate</ns1:fields>
        <ns1:fields>EndDate</ns1:fields>
        <ns1:fields>Bid</ns1:fields>
        <ns1:fields>LocalClicks</ns1:fields>
        <ns1:fields>LocalCost</ns1:fields>
        <ns1:fields>LocalImpressions</ns1:fields>
        <ns1:predicates>
          <ns1:field>AdGroupId</ns1:field>
          <ns1:operator>IN</ns1:operator>
          <ns1:values>18855360194</ns1:values>
        </ns1:predicates>
        <ns1:paging>
          <ns1:startIndex>0</ns1:startIndex>
          <ns1:numberResults>500</ns1:numberResults>
        </ns1:paging>
      </ns1:serviceSelector>
    </ns1:getCriterionBidLandscape>
  </SOAP-ENV:Body>
</SOAP-ENV:Envelope>

HTTP/1.1 200 OK
Content-Type: text/xml; charset=UTF-8
Content-Encoding: gzip
Date: Fri, 05 Feb 2016 12:59:11 GMT
Expires: Fri, 05 Feb 2016 12:59:11 GMT
Cache-Control: private, max-age=0
X-Content-Type-Options: nosniff
X-Frame-Options: SAMEORIGIN
X-XSS-Protection: 1; mode=block
Content-Length: 714
Server: GSE

<?xml version="1.0"?>
<soap:Envelope xmlns:soap="http://schemas.xmlsoap.org/soap/envelope/">
  <soap:Header>
    <ResponseHeader xmlns="https://adwords.google.com/api/adwords/cm/v201509">
      <requestId>00052b056adf7ad80a4c9a062509318a</requestId>
      <serviceName>DataService</serviceName>
      <methodName>getCriterionBidLandscape</methodName>
      <operations>1</operations>
      <responseTime>218</responseTime>
    </ResponseHeader>
  </soap:Header>
  <soap:Body>
    <getCriterionBidLandscapeResponse xmlns="https://adwords.google.com/api/adwords/cm/v201509">
      <rval>
        <totalNumEntries>2</totalNumEntries>
        <Page.Type>CriterionBidLandscapePage</Page.Type>
        <entries>
          <DataEntry.Type>CriterionBidLandscape</DataEntry.Type>
          <adGroupId>18855360194</adGroupId>
          <startDate>20160127</startDate>
          <endDate>20160202</endDate>
          <landscapePoints>
            <bid>
              <ComparableValue.Type>Money</ComparableValue.Type>
              <microAmount>10000</microAmount>
            </bid>
            <clicks>1</clicks>
            <cost>
              <ComparableValue.Type>Money</ComparableValue.Type>
              <microAmount>0</microAmount>
            </cost>
            <impressions>49</impressions>
            <promotedImpressions>0</promotedImpressions>
          </landscapePoints>
          <landscapePoints>
            <bid>
              <ComparableValue.Type>Money</ComparableValue.Type>
              <microAmount>710000</microAmount>
            </bid>
            <clicks>12</clicks>
            <cost>
              <ComparableValue.Type>Money</ComparableValue.Type>
              <microAmount>4490000</microAmount>
            </cost>
            <impressions>636</impressions>
            <promotedImpressions>0</promotedImpressions>
          </landscapePoints>
          <landscapePoints>
            <bid>
              <ComparableValue.Type>Money</ComparableValue.Type>
              <microAmount>1220000</microAmount>
            </bid>
            <clicks>32</clicks>
            <cost>
              <ComparableValue.Type>Money</ComparableValue.Type>
              <microAmount>24000000</microAmount>
            </cost>
            <impressions>1480</impressions>
            <promotedImpressions>0</promotedImpressions>
          </landscapePoints>
          <landscapePoints>
            <bid>
              <ComparableValue.Type>Money</ComparableValue.Type>
              <microAmount>1660000</microAmount>
            </bid>
            <clicks>52</clicks>
            <cost>
              <ComparableValue.Type>Money</ComparableValue.Type>
              <microAmount>54000000</microAmount>
            </cost>
            <impressions>2390</impressions>
            <promotedImpressions>0</promotedImpressions>
          </landscapePoints>
          <landscapePoints>
            <bid>
              <ComparableValue.Type>Money</ComparableValue.Type>
              <microAmount>2090000</microAmount>
            </bid>
            <clicks>69</clicks>
            <cost>
              <ComparableValue.Type>Money</ComparableValue.Type>
              <microAmount>86400000</microAmount>
            </cost>
            <impressions>3310</impressions>
            <promotedImpressions>0</promotedImpressions>
          </landscapePoints>
          <landscapePoints>
            <bid>
              <ComparableValue.Type>Money</ComparableValue.Type>
              <microAmount>2550000</microAmount>
            </bid>
            <clicks>85</clicks>
            <cost>
              <ComparableValue.Type>Money</ComparableValue.Type>
              <microAmount>128000000</microAmount>
            </cost>
            <impressions>4190</impressions>
            <promotedImpressions>0</promotedImpressions>
          </landscapePoints>
          <landscapePoints>
            <bid>
              <ComparableValue.Type>Money</ComparableValue.Type>
              <microAmount>2990000</microAmount>
            </bid>
            <clicks>100</clicks>
            <cost>
              <ComparableValue.Type>Money</ComparableValue.Type>
              <microAmount>176000000</microAmount>
            </cost>
            <impressions>4940</impressions>
            <promotedImpressions>0</promotedImpressions>
          </landscapePoints>
          <landscapePoints>
            <bid>
              <ComparableValue.Type>Money</ComparableValue.Type>
              <microAmount>3580000</microAmount>
            </bid>
            <clicks>112</clicks>
            <cost>
              <ComparableValue.Type>Money</ComparableValue.Type>
              <microAmount>232000000</microAmount>
            </cost>
            <impressions>5500</impressions>
            <promotedImpressions>0</promotedImpressions>
          </landscapePoints>
          <landscapePoints>
            <bid>
              <ComparableValue.Type>Money</ComparableValue.Type>
              <microAmount>4290000</microAmount>
            </bid>
            <clicks>122</clicks>
            <cost>
              <ComparableValue.Type>Money</ComparableValue.Type>
              <microAmount>291000000</microAmount>
            </cost>
            <impressions>5800</impressions>
            <promotedImpressions>0</promotedImpressions>
          </landscapePoints>
          <landscapePoints>
            <bid>
              <ComparableValue.Type>Money</ComparableValue.Type>
              <microAmount>5050000</microAmount>
            </bid>
            <clicks>129</clicks>
            <cost>
              <ComparableValue.Type>Money</ComparableValue.Type>
              <microAmount>346000000</microAmount>
            </cost>
            <impressions>5930</impressions>
            <promotedImpressions>0</promotedImpressions>
          </landscapePoints>
          <criterionId>18283950120</criterionId>
        </entries>
        <entries>
          <DataEntry.Type>CriterionBidLandscape</DataEntry.Type>
          <adGroupId>18855360194</adGroupId>
          <startDate>20160127</startDate>
          <endDate>20160202</endDate>
          <landscapePoints>
            <bid>
              <ComparableValue.Type>Money</ComparableValue.Type>
              <microAmount>10000</microAmount>
            </bid>
            <clicks>1</clicks>
            <cost>
              <ComparableValue.Type>Money</ComparableValue.Type>
              <microAmount>0</microAmount>
            </cost>
            <impressions>49</impressions>
            <promotedImpressions>0</promotedImpressions>
          </landscapePoints>
          <landscapePoints>
            <bid>
              <ComparableValue.Type>Money</ComparableValue.Type>
              <microAmount>710000</microAmount>
            </bid>
            <clicks>12</clicks>
            <cost>
              <ComparableValue.Type>Money</ComparableValue.Type>
              <microAmount>4490000</microAmount>
            </cost>
            <impressions>636</impressions>
            <promotedImpressions>0</promotedImpressions>
          </landscapePoints>
          <landscapePoints>
            <bid>
              <ComparableValue.Type>Money</ComparableValue.Type>
              <microAmount>1220000</microAmount>
            </bid>
            <clicks>32</clicks>
            <cost>
              <ComparableValue.Type>Money</ComparableValue.Type>
              <microAmount>24000000</microAmount>
            </cost>
            <impressions>1480</impressions>
            <promotedImpressions>0</promotedImpressions>
          </landscapePoints>
          <landscapePoints>
            <bid>
              <ComparableValue.Type>Money</ComparableValue.Type>
              <microAmount>1660000</microAmount>
            </bid>
            <clicks>52</clicks>
            <cost>
              <ComparableValue.Type>Money</ComparableValue.Type>
              <microAmount>54000000</microAmount>
            </cost>
            <impressions>2390</impressions>
            <promotedImpressions>0</promotedImpressions>
          </landscapePoints>
          <landscapePoints>
            <bid>
              <ComparableValue.Type>Money</ComparableValue.Type>
              <microAmount>2090000</microAmount>
            </bid>
            <clicks>69</clicks>
            <cost>
              <ComparableValue.Type>Money</ComparableValue.Type>
              <microAmount>86400000</microAmount>
            </cost>
            <impressions>3310</impressions>
            <promotedImpressions>0</promotedImpressions>
          </landscapePoints>
          <landscapePoints>
            <bid>
              <ComparableValue.Type>Money</ComparableValue.Type>
              <microAmount>2550000</microAmount>
            </bid>
            <clicks>85</clicks>
            <cost>
              <ComparableValue.Type>Money</ComparableValue.Type>
              <microAmount>128000000</microAmount>
            </cost>
            <impressions>4190</impressions>
            <promotedImpressions>0</promotedImpressions>
          </landscapePoints>
          <landscapePoints>
            <bid>
              <ComparableValue.Type>Money</ComparableValue.Type>
              <microAmount>2990000</microAmount>
            </bid>
            <clicks>100</clicks>
            <cost>
              <ComparableValue.Type>Money</ComparableValue.Type>
              <microAmount>176000000</microAmount>
            </cost>
            <impressions>4940</impressions>
            <promotedImpressions>0</promotedImpressions>
          </landscapePoints>
          <landscapePoints>
            <bid>
              <ComparableValue.Type>Money</ComparableValue.Type>
              <microAmount>3580000</microAmount>
            </bid>
            <clicks>112</clicks>
            <cost>
              <ComparableValue.Type>Money</ComparableValue.Type>
              <microAmount>232000000</microAmount>
            </cost>
            <impressions>5500</impressions>
            <promotedImpressions>0</promotedImpressions>
          </landscapePoints>
          <landscapePoints>
            <bid>
              <ComparableValue.Type>Money</ComparableValue.Type>
              <microAmount>4290000</microAmount>
            </bid>
            <clicks>122</clicks>
            <cost>
              <ComparableValue.Type>Money</ComparableValue.Type>
              <microAmount>291000000</microAmount>
            </cost>
            <impressions>5800</impressions>
            <promotedImpressions>0</promotedImpressions>
          </landscapePoints>
          <landscapePoints>
            <bid>
              <ComparableValue.Type>Money</ComparableValue.Type>
              <microAmount>5050000</microAmount>
            </bid>
            <clicks>129</clicks>
            <cost>
              <ComparableValue.Type>Money</ComparableValue.Type>
              <microAmount>346000000</microAmount>
            </cost>
            <impressions>5930</impressions>
            <promotedImpressions>0</promotedImpressions>
          </landscapePoints>
          <criterionId>93947543114</criterionId>
        </entries>
      </rval>
    </getCriterionBidLandscapeResponse>
  </soap:Body>
</soap:Envelope>

[Feb 05 2016 13:59:10.000000 - INFO] POST /api/adwords/cm/v201509/DataService HTTP/1.1
Host: adwords.google.com
Connection: Keep-Alive
User-Agent: PHP-SOAP/5.5.12, gzip
Accept-Encoding: gzip, deflate
Content-Encoding: gzip
Content-Type: text/xml; charset=utf-8
SOAPAction: ""
Content-Length: 515
Authorization: Bearer ya29.fwKPU9SRD7TyvbLt6Cl5onKXu7bfdgf1DqMT-d9NMHIBZNxCJuCgojdai-b1Dp1_Xcc3LQ

<?xml version="1.0" encoding="UTF-8"?>
<SOAP-ENV:Envelope xmlns:SOAP-ENV="http://schemas.xmlsoap.org/soap/envelope/" xmlns:ns1="https://adwords.google.com/api/adwords/cm/v201509">
  <SOAP-ENV:Header>
    <ns1:RequestHeader>
      <ns1:clientCustomerId>6539291121</ns1:clientCustomerId>
      <ns1:developerToken>cmGKSWCRtO60ETC-qlFKMA</ns1:developerToken>
      <ns1:userAgent>Omnitail (AwApi-PHP/7.0.0, Common-PHP/7.0.0, PHP/5.5.12)</ns1:userAgent>
    </ns1:RequestHeader>
  </SOAP-ENV:Header>
  <SOAP-ENV:Body>
    <ns1:getCriterionBidLandscape>
      <ns1:serviceSelector>
        <ns1:fields>AdGroupId</ns1:fields>
        <ns1:fields>CriterionId</ns1:fields>
        <ns1:fields>StartDate</ns1:fields>
        <ns1:fields>EndDate</ns1:fields>
        <ns1:fields>Bid</ns1:fields>
        <ns1:fields>LocalClicks</ns1:fields>
        <ns1:fields>LocalCost</ns1:fields>
        <ns1:fields>LocalImpressions</ns1:fields>
        <ns1:predicates>
          <ns1:field>AdGroupId</ns1:field>
          <ns1:operator>IN</ns1:operator>
          <ns1:values>18855360194</ns1:values>
        </ns1:predicates>
        <ns1:paging>
          <ns1:startIndex>500</ns1:startIndex>
          <ns1:numberResults>500</ns1:numberResults>
        </ns1:paging>
      </ns1:serviceSelector>
    </ns1:getCriterionBidLandscape>
  </SOAP-ENV:Body>
</SOAP-ENV:Envelope>

HTTP/1.1 200 OK
Content-Type: text/xml; charset=UTF-8
Content-Encoding: gzip
Date: Fri, 05 Feb 2016 12:59:12 GMT
Expires: Fri, 05 Feb 2016 12:59:12 GMT
Cache-Control: private, max-age=0
X-Content-Type-Options: nosniff
X-Frame-Options: SAMEORIGIN
X-XSS-Protection: 1; mode=block
Content-Length: 316
Server: GSE

<?xml version="1.0"?>
<soap:Envelope xmlns:soap="http://schemas.xmlsoap.org/soap/envelope/">
  <soap:Header>
    <ResponseHeader xmlns="https://adwords.google.com/api/adwords/cm/v201509">
      <requestId>00052b056aecb9790a4c0c64fc00cd1d</requestId>
      <serviceName>DataService</serviceName>
      <methodName>getCriterionBidLandscape</methodName>
      <operations>1</operations>
      <responseTime>216</responseTime>
    </ResponseHeader>
  </soap:Header>
  <soap:Body>
    <getCriterionBidLandscapeResponse xmlns="https://adwords.google.com/api/adwords/cm/v201509">
      <rval>
        <totalNumEntries>0</totalNumEntries>
        <Page.Type>CriterionBidLandscapePage</Page.Type>
      </rval>
    </getCriterionBidLandscapeResponse>
  </soap:Body>
</soap:Envelope>

[Feb 05 2016 13:59:40.000000 - INFO] POST /api/adwords/cm/v201509/DataService HTTP/1.1
Host: adwords.google.com
Connection: Keep-Alive
User-Agent: PHP-SOAP/5.5.12, gzip
Accept-Encoding: gzip, deflate
Content-Encoding: gzip
Content-Type: text/xml; charset=utf-8
SOAPAction: ""
Content-Length: 515
Authorization: Bearer ya29.fwLQqOrfDopSfiuouCSfw98xsblrmWDj_HtiEjYaRI0yRl95jY5oJklVCJjHC8qjPj0feQ

<?xml version="1.0" encoding="UTF-8"?>
<SOAP-ENV:Envelope xmlns:SOAP-ENV="http://schemas.xmlsoap.org/soap/envelope/" xmlns:ns1="https://adwords.google.com/api/adwords/cm/v201509">
  <SOAP-ENV:Header>
    <ns1:RequestHeader>
      <ns1:clientCustomerId>6539291121</ns1:clientCustomerId>
      <ns1:developerToken>cmGKSWCRtO60ETC-qlFKMA</ns1:developerToken>
      <ns1:userAgent>Omnitail (AwApi-PHP/7.0.0, Common-PHP/7.0.0, PHP/5.5.12)</ns1:userAgent>
    </ns1:RequestHeader>
  </SOAP-ENV:Header>
  <SOAP-ENV:Body>
    <ns1:getCriterionBidLandscape>
      <ns1:serviceSelector>
        <ns1:fields>AdGroupId</ns1:fields>
        <ns1:fields>CriterionId</ns1:fields>
        <ns1:fields>StartDate</ns1:fields>
        <ns1:fields>EndDate</ns1:fields>
        <ns1:fields>Bid</ns1:fields>
        <ns1:fields>LocalClicks</ns1:fields>
        <ns1:fields>LocalCost</ns1:fields>
        <ns1:fields>LocalImpressions</ns1:fields>
        <ns1:predicates>
          <ns1:field>AdGroupId</ns1:field>
          <ns1:operator>IN</ns1:operator>
          <ns1:values>22274084594</ns1:values>
        </ns1:predicates>
        <ns1:paging>
          <ns1:startIndex>0</ns1:startIndex>
          <ns1:numberResults>500</ns1:numberResults>
        </ns1:paging>
      </ns1:serviceSelector>
    </ns1:getCriterionBidLandscape>
  </SOAP-ENV:Body>
</SOAP-ENV:Envelope>

HTTP/1.1 200 OK
Content-Type: text/xml; charset=UTF-8
Content-Encoding: gzip
Date: Fri, 05 Feb 2016 12:59:42 GMT
Expires: Fri, 05 Feb 2016 12:59:42 GMT
Cache-Control: private, max-age=0
X-Content-Type-Options: nosniff
X-Frame-Options: SAMEORIGIN
X-XSS-Protection: 1; mode=block
Content-Length: 799
Server: GSE

<?xml version="1.0"?>
<soap:Envelope xmlns:soap="http://schemas.xmlsoap.org/soap/envelope/">
  <soap:Header>
    <ResponseHeader xmlns="https://adwords.google.com/api/adwords/cm/v201509">
      <requestId>00052b056cb2fa880a4c99e8ad0e41f9</requestId>
      <serviceName>DataService</serviceName>
      <methodName>getCriterionBidLandscape</methodName>
      <operations>1</operations>
      <responseTime>261</responseTime>
    </ResponseHeader>
  </soap:Header>
  <soap:Body>
    <getCriterionBidLandscapeResponse xmlns="https://adwords.google.com/api/adwords/cm/v201509">
      <rval>
        <totalNumEntries>3</totalNumEntries>
        <Page.Type>CriterionBidLandscapePage</Page.Type>
        <entries>
          <DataEntry.Type>CriterionBidLandscape</DataEntry.Type>
          <adGroupId>22274084594</adGroupId>
          <startDate>20160127</startDate>
          <endDate>20160202</endDate>
          <landscapePoints>
            <bid>
              <ComparableValue.Type>Money</ComparableValue.Type>
              <microAmount>10000</microAmount>
            </bid>
            <clicks>0</clicks>
            <cost>
              <ComparableValue.Type>Money</ComparableValue.Type>
              <microAmount>0</microAmount>
            </cost>
            <impressions>1</impressions>
            <promotedImpressions>0</promotedImpressions>
          </landscapePoints>
          <landscapePoints>
            <bid>
              <ComparableValue.Type>Money</ComparableValue.Type>
              <microAmount>100000</microAmount>
            </bid>
            <clicks>0</clicks>
            <cost>
              <ComparableValue.Type>Money</ComparableValue.Type>
              <microAmount>0</microAmount>
            </cost>
            <impressions>4</impressions>
            <promotedImpressions>0</promotedImpressions>
          </landscapePoints>
          <landscapePoints>
            <bid>
              <ComparableValue.Type>Money</ComparableValue.Type>
              <microAmount>1090000</microAmount>
            </bid>
            <clicks>0</clicks>
            <cost>
              <ComparableValue.Type>Money</ComparableValue.Type>
              <microAmount>0</microAmount>
            </cost>
            <impressions>17</impressions>
            <promotedImpressions>0</promotedImpressions>
          </landscapePoints>
          <landscapePoints>
            <bid>
              <ComparableValue.Type>Money</ComparableValue.Type>
              <microAmount>1880000</microAmount>
            </bid>
            <clicks>1</clicks>
            <cost>
              <ComparableValue.Type>Money</ComparableValue.Type>
              <microAmount>880000</microAmount>
            </cost>
            <impressions>102</impressions>
            <promotedImpressions>0</promotedImpressions>
          </landscapePoints>
          <landscapePoints>
            <bid>
              <ComparableValue.Type>Money</ComparableValue.Type>
              <microAmount>2320000</microAmount>
            </bid>
            <clicks>1</clicks>
            <cost>
              <ComparableValue.Type>Money</ComparableValue.Type>
              <microAmount>2800000</microAmount>
            </cost>
            <impressions>272</impressions>
            <promotedImpressions>0</promotedImpressions>
          </landscapePoints>
          <landscapePoints>
            <bid>
              <ComparableValue.Type>Money</ComparableValue.Type>
              <microAmount>2630000</microAmount>
            </bid>
            <clicks>2</clicks>
            <cost>
              <ComparableValue.Type>Money</ComparableValue.Type>
              <microAmount>5460000</microAmount>
            </cost>
            <impressions>448</impressions>
            <promotedImpressions>0</promotedImpressions>
          </landscapePoints>
          <landscapePoints>
            <bid>
              <ComparableValue.Type>Money</ComparableValue.Type>
              <microAmount>2980000</microAmount>
            </bid>
            <clicks>3</clicks>
            <cost>
              <ComparableValue.Type>Money</ComparableValue.Type>
              <microAmount>7520000</microAmount>
            </cost>
            <impressions>626</impressions>
            <promotedImpressions>0</promotedImpressions>
          </landscapePoints>
          <landscapePoints>
            <bid>
              <ComparableValue.Type>Money</ComparableValue.Type>
              <microAmount>3460000</microAmount>
            </bid>
            <clicks>4</clicks>
            <cost>
              <ComparableValue.Type>Money</ComparableValue.Type>
              <microAmount>10400000</microAmount>
            </cost>
            <impressions>785</impressions>
            <promotedImpressions>0</promotedImpressions>
          </landscapePoints>
          <landscapePoints>
            <bid>
              <ComparableValue.Type>Money</ComparableValue.Type>
              <microAmount>4080000</microAmount>
            </bid>
            <clicks>4</clicks>
            <cost>
              <ComparableValue.Type>Money</ComparableValue.Type>
              <microAmount>13600000</microAmount>
            </cost>
            <impressions>921</impressions>
            <promotedImpressions>0</promotedImpressions>
          </landscapePoints>
          <landscapePoints>
            <bid>
              <ComparableValue.Type>Money</ComparableValue.Type>
              <microAmount>4940000</microAmount>
            </bid>
            <clicks>5</clicks>
            <cost>
              <ComparableValue.Type>Money</ComparableValue.Type>
              <microAmount>18200000</microAmount>
            </cost>
            <impressions>978</impressions>
            <promotedImpressions>0</promotedImpressions>
          </landscapePoints>
          <criterionId>52387581592</criterionId>
        </entries>
        <entries>
          <DataEntry.Type>CriterionBidLandscape</DataEntry.Type>
          <adGroupId>22274084594</adGroupId>
          <startDate>20160127</startDate>
          <endDate>20160202</endDate>
          <landscapePoints>
            <bid>
              <ComparableValue.Type>Money</ComparableValue.Type>
              <microAmount>10000</microAmount>
            </bid>
            <clicks>0</clicks>
            <cost>
              <ComparableValue.Type>Money</ComparableValue.Type>
              <microAmount>0</microAmount>
            </cost>
            <impressions>3</impressions>
            <promotedImpressions>0</promotedImpressions>
          </landscapePoints>
          <landscapePoints>
            <bid>
              <ComparableValue.Type>Money</ComparableValue.Type>
              <microAmount>100000</microAmount>
            </bid>
            <clicks>0</clicks>
            <cost>
              <ComparableValue.Type>Money</ComparableValue.Type>
              <microAmount>0</microAmount>
            </cost>
            <impressions>8</impressions>
            <promotedImpressions>0</promotedImpressions>
          </landscapePoints>
          <landscapePoints>
            <bid>
              <ComparableValue.Type>Money</ComparableValue.Type>
              <microAmount>1090000</microAmount>
            </bid>
            <clicks>0</clicks>
            <cost>
              <ComparableValue.Type>Money</ComparableValue.Type>
              <microAmount>0</microAmount>
            </cost>
            <impressions>21</impressions>
            <promotedImpressions>0</promotedImpressions>
          </landscapePoints>
          <landscapePoints>
            <bid>
              <ComparableValue.Type>Money</ComparableValue.Type>
              <microAmount>1880000</microAmount>
            </bid>
            <clicks>1</clicks>
            <cost>
              <ComparableValue.Type>Money</ComparableValue.Type>
              <microAmount>890000</microAmount>
            </cost>
            <impressions>106</impressions>
            <promotedImpressions>0</promotedImpressions>
          </landscapePoints>
          <landscapePoints>
            <bid>
              <ComparableValue.Type>Money</ComparableValue.Type>
              <microAmount>2320000</microAmount>
            </bid>
            <clicks>1</clicks>
            <cost>
              <ComparableValue.Type>Money</ComparableValue.Type>
              <microAmount>2820000</microAmount>
            </cost>
            <impressions>280</impressions>
            <promotedImpressions>0</promotedImpressions>
          </landscapePoints>
          <landscapePoints>
            <bid>
              <ComparableValue.Type>Money</ComparableValue.Type>
              <microAmount>2630000</microAmount>
            </bid>
            <clicks>2</clicks>
            <cost>
              <ComparableValue.Type>Money</ComparableValue.Type>
              <microAmount>5480000</microAmount>
            </cost>
            <impressions>456</impressions>
            <promotedImpressions>0</promotedImpressions>
          </landscapePoints>
          <landscapePoints>
            <bid>
              <ComparableValue.Type>Money</ComparableValue.Type>
              <microAmount>2980000</microAmount>
            </bid>
            <clicks>3</clicks>
            <cost>
              <ComparableValue.Type>Money</ComparableValue.Type>
              <microAmount>7550000</microAmount>
            </cost>
            <impressions>634</impressions>
            <promotedImpressions>0</promotedImpressions>
          </landscapePoints>
          <landscapePoints>
            <bid>
              <ComparableValue.Type>Money</ComparableValue.Type>
              <microAmount>3460000</microAmount>
            </bid>
            <clicks>4</clicks>
            <cost>
              <ComparableValue.Type>Money</ComparableValue.Type>
              <microAmount>10400000</microAmount>
            </cost>
            <impressions>793</impressions>
            <promotedImpressions>0</promotedImpressions>
          </landscapePoints>
          <landscapePoints>
            <bid>
              <ComparableValue.Type>Money</ComparableValue.Type>
              <microAmount>4080000</microAmount>
            </bid>
            <clicks>4</clicks>
            <cost>
              <ComparableValue.Type>Money</ComparableValue.Type>
              <microAmount>13700000</microAmount>
            </cost>
            <impressions>929</impressions>
            <promotedImpressions>0</promotedImpressions>
          </landscapePoints>
          <landscapePoints>
            <bid>
              <ComparableValue.Type>Money</ComparableValue.Type>
              <microAmount>4940000</microAmount>
            </bid>
            <clicks>5</clicks>
            <cost>
              <ComparableValue.Type>Money</ComparableValue.Type>
              <microAmount>18200000</microAmount>
            </cost>
            <impressions>986</impressions>
            <promotedImpressions>0</promotedImpressions>
          </landscapePoints>
          <criterionId>18283950120</criterionId>
        </entries>
        <entries>
          <DataEntry.Type>CriterionBidLandscape</DataEntry.Type>
          <adGroupId>22274084594</adGroupId>
          <startDate>20160127</startDate>
          <endDate>20160202</endDate>
          <landscapePoints>
            <bid>
              <ComparableValue.Type>Money</ComparableValue.Type>
              <microAmount>10000</microAmount>
            </bid>
            <clicks>0</clicks>
            <cost>
              <ComparableValue.Type>Money</ComparableValue.Type>
              <microAmount>0</microAmount>
            </cost>
            <impressions>2</impressions>
            <promotedImpressions>0</promotedImpressions>
          </landscapePoints>
          <landscapePoints>
            <bid>
              <ComparableValue.Type>Money</ComparableValue.Type>
              <microAmount>100000</microAmount>
            </bid>
            <clicks>0</clicks>
            <cost>
              <ComparableValue.Type>Money</ComparableValue.Type>
              <microAmount>0</microAmount>
            </cost>
            <impressions>4</impressions>
            <promotedImpressions>0</promotedImpressions>
          </landscapePoints>
          <landscapePoints>
            <bid>
              <ComparableValue.Type>Money</ComparableValue.Type>
              <microAmount>1090000</microAmount>
            </bid>
            <clicks>0</clicks>
            <cost>
              <ComparableValue.Type>Money</ComparableValue.Type>
              <microAmount>0</microAmount>
            </cost>
            <impressions>4</impressions>
            <promotedImpressions>0</promotedImpressions>
          </landscapePoints>
          <landscapePoints>
            <bid>
              <ComparableValue.Type>Money</ComparableValue.Type>
              <microAmount>2320000</microAmount>
            </bid>
            <clicks>0</clicks>
            <cost>
              <ComparableValue.Type>Money</ComparableValue.Type>
              <microAmount>0</microAmount>
            </cost>
            <impressions>8</impressions>
            <promotedImpressions>0</promotedImpressions>
          </landscapePoints>
          <landscapePoints>
            <bid>
              <ComparableValue.Type>Money</ComparableValue.Type>
              <microAmount>2980000</microAmount>
            </bid>
            <clicks>0</clicks>
            <cost>
              <ComparableValue.Type>Money</ComparableValue.Type>
              <microAmount>0</microAmount>
            </cost>
            <impressions>8</impressions>
            <promotedImpressions>0</promotedImpressions>
          </landscapePoints>
          <landscapePoints>
            <bid>
              <ComparableValue.Type>Money</ComparableValue.Type>
              <microAmount>3460000</microAmount>
            </bid>
            <clicks>0</clicks>
            <cost>
              <ComparableValue.Type>Money</ComparableValue.Type>
              <microAmount>0</microAmount>
            </cost>
            <impressions>8</impressions>
            <promotedImpressions>0</promotedImpressions>
          </landscapePoints>
          <landscapePoints>
            <bid>
              <ComparableValue.Type>Money</ComparableValue.Type>
              <microAmount>4080000</microAmount>
            </bid>
            <clicks>0</clicks>
            <cost>
              <ComparableValue.Type>Money</ComparableValue.Type>
              <microAmount>0</microAmount>
            </cost>
            <impressions>8</impressions>
            <promotedImpressions>0</promotedImpressions>
          </landscapePoints>
          <criterionId>51320962143</criterionId>
        </entries>
      </rval>
    </getCriterionBidLandscapeResponse>
  </soap:Body>
</soap:Envelope>

[Feb 05 2016 13:59:41.000000 - INFO] POST /api/adwords/cm/v201509/DataService HTTP/1.1
Host: adwords.google.com
Connection: Keep-Alive
User-Agent: PHP-SOAP/5.5.12, gzip
Accept-Encoding: gzip, deflate
Content-Encoding: gzip
Content-Type: text/xml; charset=utf-8
SOAPAction: ""
Content-Length: 515
Authorization: Bearer ya29.fwLQqOrfDopSfiuouCSfw98xsblrmWDj_HtiEjYaRI0yRl95jY5oJklVCJjHC8qjPj0feQ

<?xml version="1.0" encoding="UTF-8"?>
<SOAP-ENV:Envelope xmlns:SOAP-ENV="http://schemas.xmlsoap.org/soap/envelope/" xmlns:ns1="https://adwords.google.com/api/adwords/cm/v201509">
  <SOAP-ENV:Header>
    <ns1:RequestHeader>
      <ns1:clientCustomerId>6539291121</ns1:clientCustomerId>
      <ns1:developerToken>cmGKSWCRtO60ETC-qlFKMA</ns1:developerToken>
      <ns1:userAgent>Omnitail (AwApi-PHP/7.0.0, Common-PHP/7.0.0, PHP/5.5.12)</ns1:userAgent>
    </ns1:RequestHeader>
  </SOAP-ENV:Header>
  <SOAP-ENV:Body>
    <ns1:getCriterionBidLandscape>
      <ns1:serviceSelector>
        <ns1:fields>AdGroupId</ns1:fields>
        <ns1:fields>CriterionId</ns1:fields>
        <ns1:fields>StartDate</ns1:fields>
        <ns1:fields>EndDate</ns1:fields>
        <ns1:fields>Bid</ns1:fields>
        <ns1:fields>LocalClicks</ns1:fields>
        <ns1:fields>LocalCost</ns1:fields>
        <ns1:fields>LocalImpressions</ns1:fields>
        <ns1:predicates>
          <ns1:field>AdGroupId</ns1:field>
          <ns1:operator>IN</ns1:operator>
          <ns1:values>22274084594</ns1:values>
        </ns1:predicates>
        <ns1:paging>
          <ns1:startIndex>500</ns1:startIndex>
          <ns1:numberResults>500</ns1:numberResults>
        </ns1:paging>
      </ns1:serviceSelector>
    </ns1:getCriterionBidLandscape>
  </SOAP-ENV:Body>
</SOAP-ENV:Envelope>

HTTP/1.1 200 OK
Content-Type: text/xml; charset=UTF-8
Content-Encoding: gzip
Date: Fri, 05 Feb 2016 12:59:43 GMT
Expires: Fri, 05 Feb 2016 12:59:43 GMT
Cache-Control: private, max-age=0
X-Content-Type-Options: nosniff
X-Frame-Options: SAMEORIGIN
X-XSS-Protection: 1; mode=block
Content-Length: 318
Server: GSE

<?xml version="1.0"?>
<soap:Envelope xmlns:soap="http://schemas.xmlsoap.org/soap/envelope/">
  <soap:Header>
    <ResponseHeader xmlns="https://adwords.google.com/api/adwords/cm/v201509">
      <requestId>00052b056cbf18180a4c5ef101031a37</requestId>
      <serviceName>DataService</serviceName>
      <methodName>getCriterionBidLandscape</methodName>
      <operations>1</operations>
      <responseTime>196</responseTime>
    </ResponseHeader>
  </soap:Header>
  <soap:Body>
    <getCriterionBidLandscapeResponse xmlns="https://adwords.google.com/api/adwords/cm/v201509">
      <rval>
        <totalNumEntries>0</totalNumEntries>
        <Page.Type>CriterionBidLandscapePage</Page.Type>
      </rval>
    </getCriterionBidLandscapeResponse>
  </soap:Body>
</soap:Envelope>

[Feb 05 2016 13:59:57.000000 - INFO] POST /api/adwords/cm/v201509/DataService HTTP/1.1
Host: adwords.google.com
Connection: Keep-Alive
User-Agent: PHP-SOAP/5.5.12, gzip
Accept-Encoding: gzip, deflate
Content-Encoding: gzip
Content-Type: text/xml; charset=utf-8
SOAPAction: ""
Content-Length: 515
Authorization: Bearer ya29.fwKAGeoaurtzwG1LbCrZZOuDaE6ILEj77yYQ2Ca7nYo36agZ4H5jlx7XdBUDh-d9S6RYng

<?xml version="1.0" encoding="UTF-8"?>
<SOAP-ENV:Envelope xmlns:SOAP-ENV="http://schemas.xmlsoap.org/soap/envelope/" xmlns:ns1="https://adwords.google.com/api/adwords/cm/v201509">
  <SOAP-ENV:Header>
    <ns1:RequestHeader>
      <ns1:clientCustomerId>6539291121</ns1:clientCustomerId>
      <ns1:developerToken>cmGKSWCRtO60ETC-qlFKMA</ns1:developerToken>
      <ns1:userAgent>Omnitail (AwApi-PHP/7.0.0, Common-PHP/7.0.0, PHP/5.5.12)</ns1:userAgent>
    </ns1:RequestHeader>
  </SOAP-ENV:Header>
  <SOAP-ENV:Body>
    <ns1:getCriterionBidLandscape>
      <ns1:serviceSelector>
        <ns1:fields>AdGroupId</ns1:fields>
        <ns1:fields>CriterionId</ns1:fields>
        <ns1:fields>StartDate</ns1:fields>
        <ns1:fields>EndDate</ns1:fields>
        <ns1:fields>Bid</ns1:fields>
        <ns1:fields>LocalClicks</ns1:fields>
        <ns1:fields>LocalCost</ns1:fields>
        <ns1:fields>LocalImpressions</ns1:fields>
        <ns1:predicates>
          <ns1:field>AdGroupId</ns1:field>
          <ns1:operator>IN</ns1:operator>
          <ns1:values>18855360194</ns1:values>
        </ns1:predicates>
        <ns1:paging>
          <ns1:startIndex>0</ns1:startIndex>
          <ns1:numberResults>500</ns1:numberResults>
        </ns1:paging>
      </ns1:serviceSelector>
    </ns1:getCriterionBidLandscape>
  </SOAP-ENV:Body>
</SOAP-ENV:Envelope>

HTTP/1.1 200 OK
Content-Type: text/xml; charset=UTF-8
Content-Encoding: gzip
Date: Fri, 05 Feb 2016 12:59:59 GMT
Expires: Fri, 05 Feb 2016 12:59:59 GMT
Cache-Control: private, max-age=0
X-Content-Type-Options: nosniff
X-Frame-Options: SAMEORIGIN
X-XSS-Protection: 1; mode=block
Content-Length: 715
Server: GSE

<?xml version="1.0"?>
<soap:Envelope xmlns:soap="http://schemas.xmlsoap.org/soap/envelope/">
  <soap:Header>
    <ResponseHeader xmlns="https://adwords.google.com/api/adwords/cm/v201509">
      <requestId>00052b056db334480a4c1d6fed0a464a</requestId>
      <serviceName>DataService</serviceName>
      <methodName>getCriterionBidLandscape</methodName>
      <operations>1</operations>
      <responseTime>271</responseTime>
    </ResponseHeader>
  </soap:Header>
  <soap:Body>
    <getCriterionBidLandscapeResponse xmlns="https://adwords.google.com/api/adwords/cm/v201509">
      <rval>
        <totalNumEntries>2</totalNumEntries>
        <Page.Type>CriterionBidLandscapePage</Page.Type>
        <entries>
          <DataEntry.Type>CriterionBidLandscape</DataEntry.Type>
          <adGroupId>18855360194</adGroupId>
          <startDate>20160127</startDate>
          <endDate>20160202</endDate>
          <landscapePoints>
            <bid>
              <ComparableValue.Type>Money</ComparableValue.Type>
              <microAmount>10000</microAmount>
            </bid>
            <clicks>1</clicks>
            <cost>
              <ComparableValue.Type>Money</ComparableValue.Type>
              <microAmount>0</microAmount>
            </cost>
            <impressions>49</impressions>
            <promotedImpressions>0</promotedImpressions>
          </landscapePoints>
          <landscapePoints>
            <bid>
              <ComparableValue.Type>Money</ComparableValue.Type>
              <microAmount>710000</microAmount>
            </bid>
            <clicks>12</clicks>
            <cost>
              <ComparableValue.Type>Money</ComparableValue.Type>
              <microAmount>4490000</microAmount>
            </cost>
            <impressions>636</impressions>
            <promotedImpressions>0</promotedImpressions>
          </landscapePoints>
          <landscapePoints>
            <bid>
              <ComparableValue.Type>Money</ComparableValue.Type>
              <microAmount>1220000</microAmount>
            </bid>
            <clicks>32</clicks>
            <cost>
              <ComparableValue.Type>Money</ComparableValue.Type>
              <microAmount>24000000</microAmount>
            </cost>
            <impressions>1480</impressions>
            <promotedImpressions>0</promotedImpressions>
          </landscapePoints>
          <landscapePoints>
            <bid>
              <ComparableValue.Type>Money</ComparableValue.Type>
              <microAmount>1660000</microAmount>
            </bid>
            <clicks>52</clicks>
            <cost>
              <ComparableValue.Type>Money</ComparableValue.Type>
              <microAmount>54000000</microAmount>
            </cost>
            <impressions>2390</impressions>
            <promotedImpressions>0</promotedImpressions>
          </landscapePoints>
          <landscapePoints>
            <bid>
              <ComparableValue.Type>Money</ComparableValue.Type>
              <microAmount>2090000</microAmount>
            </bid>
            <clicks>69</clicks>
            <cost>
              <ComparableValue.Type>Money</ComparableValue.Type>
              <microAmount>86400000</microAmount>
            </cost>
            <impressions>3310</impressions>
            <promotedImpressions>0</promotedImpressions>
          </landscapePoints>
          <landscapePoints>
            <bid>
              <ComparableValue.Type>Money</ComparableValue.Type>
              <microAmount>2550000</microAmount>
            </bid>
            <clicks>85</clicks>
            <cost>
              <ComparableValue.Type>Money</ComparableValue.Type>
              <microAmount>128000000</microAmount>
            </cost>
            <impressions>4190</impressions>
            <promotedImpressions>0</promotedImpressions>
          </landscapePoints>
          <landscapePoints>
            <bid>
              <ComparableValue.Type>Money</ComparableValue.Type>
              <microAmount>2990000</microAmount>
            </bid>
            <clicks>100</clicks>
            <cost>
              <ComparableValue.Type>Money</ComparableValue.Type>
              <microAmount>176000000</microAmount>
            </cost>
            <impressions>4940</impressions>
            <promotedImpressions>0</promotedImpressions>
          </landscapePoints>
          <landscapePoints>
            <bid>
              <ComparableValue.Type>Money</ComparableValue.Type>
              <microAmount>3580000</microAmount>
            </bid>
            <clicks>112</clicks>
            <cost>
              <ComparableValue.Type>Money</ComparableValue.Type>
              <microAmount>232000000</microAmount>
            </cost>
            <impressions>5500</impressions>
            <promotedImpressions>0</promotedImpressions>
          </landscapePoints>
          <landscapePoints>
            <bid>
              <ComparableValue.Type>Money</ComparableValue.Type>
              <microAmount>4290000</microAmount>
            </bid>
            <clicks>122</clicks>
            <cost>
              <ComparableValue.Type>Money</ComparableValue.Type>
              <microAmount>291000000</microAmount>
            </cost>
            <impressions>5800</impressions>
            <promotedImpressions>0</promotedImpressions>
          </landscapePoints>
          <landscapePoints>
            <bid>
              <ComparableValue.Type>Money</ComparableValue.Type>
              <microAmount>5050000</microAmount>
            </bid>
            <clicks>129</clicks>
            <cost>
              <ComparableValue.Type>Money</ComparableValue.Type>
              <microAmount>346000000</microAmount>
            </cost>
            <impressions>5930</impressions>
            <promotedImpressions>0</promotedImpressions>
          </landscapePoints>
          <criterionId>18283950120</criterionId>
        </entries>
        <entries>
          <DataEntry.Type>CriterionBidLandscape</DataEntry.Type>
          <adGroupId>18855360194</adGroupId>
          <startDate>20160127</startDate>
          <endDate>20160202</endDate>
          <landscapePoints>
            <bid>
              <ComparableValue.Type>Money</ComparableValue.Type>
              <microAmount>10000</microAmount>
            </bid>
            <clicks>1</clicks>
            <cost>
              <ComparableValue.Type>Money</ComparableValue.Type>
              <microAmount>0</microAmount>
            </cost>
            <impressions>49</impressions>
            <promotedImpressions>0</promotedImpressions>
          </landscapePoints>
          <landscapePoints>
            <bid>
              <ComparableValue.Type>Money</ComparableValue.Type>
              <microAmount>710000</microAmount>
            </bid>
            <clicks>12</clicks>
            <cost>
              <ComparableValue.Type>Money</ComparableValue.Type>
              <microAmount>4490000</microAmount>
            </cost>
            <impressions>636</impressions>
            <promotedImpressions>0</promotedImpressions>
          </landscapePoints>
          <landscapePoints>
            <bid>
              <ComparableValue.Type>Money</ComparableValue.Type>
              <microAmount>1220000</microAmount>
            </bid>
            <clicks>32</clicks>
            <cost>
              <ComparableValue.Type>Money</ComparableValue.Type>
              <microAmount>24000000</microAmount>
            </cost>
            <impressions>1480</impressions>
            <promotedImpressions>0</promotedImpressions>
          </landscapePoints>
          <landscapePoints>
            <bid>
              <ComparableValue.Type>Money</ComparableValue.Type>
              <microAmount>1660000</microAmount>
            </bid>
            <clicks>52</clicks>
            <cost>
              <ComparableValue.Type>Money</ComparableValue.Type>
              <microAmount>54000000</microAmount>
            </cost>
            <impressions>2390</impressions>
            <promotedImpressions>0</promotedImpressions>
          </landscapePoints>
          <landscapePoints>
            <bid>
              <ComparableValue.Type>Money</ComparableValue.Type>
              <microAmount>2090000</microAmount>
            </bid>
            <clicks>69</clicks>
            <cost>
              <ComparableValue.Type>Money</ComparableValue.Type>
              <microAmount>86400000</microAmount>
            </cost>
            <impressions>3310</impressions>
            <promotedImpressions>0</promotedImpressions>
          </landscapePoints>
          <landscapePoints>
            <bid>
              <ComparableValue.Type>Money</ComparableValue.Type>
              <microAmount>2550000</microAmount>
            </bid>
            <clicks>85</clicks>
            <cost>
              <ComparableValue.Type>Money</ComparableValue.Type>
              <microAmount>128000000</microAmount>
            </cost>
            <impressions>4190</impressions>
            <promotedImpressions>0</promotedImpressions>
          </landscapePoints>
          <landscapePoints>
            <bid>
              <ComparableValue.Type>Money</ComparableValue.Type>
              <microAmount>2990000</microAmount>
            </bid>
            <clicks>100</clicks>
            <cost>
              <ComparableValue.Type>Money</ComparableValue.Type>
              <microAmount>176000000</microAmount>
            </cost>
            <impressions>4940</impressions>
            <promotedImpressions>0</promotedImpressions>
          </landscapePoints>
          <landscapePoints>
            <bid>
              <ComparableValue.Type>Money</ComparableValue.Type>
              <microAmount>3580000</microAmount>
            </bid>
            <clicks>112</clicks>
            <cost>
              <ComparableValue.Type>Money</ComparableValue.Type>
              <microAmount>232000000</microAmount>
            </cost>
            <impressions>5500</impressions>
            <promotedImpressions>0</promotedImpressions>
          </landscapePoints>
          <landscapePoints>
            <bid>
              <ComparableValue.Type>Money</ComparableValue.Type>
              <microAmount>4290000</microAmount>
            </bid>
            <clicks>122</clicks>
            <cost>
              <ComparableValue.Type>Money</ComparableValue.Type>
              <microAmount>291000000</microAmount>
            </cost>
            <impressions>5800</impressions>
            <promotedImpressions>0</promotedImpressions>
          </landscapePoints>
          <landscapePoints>
            <bid>
              <ComparableValue.Type>Money</ComparableValue.Type>
              <microAmount>5050000</microAmount>
            </bid>
            <clicks>129</clicks>
            <cost>
              <ComparableValue.Type>Money</ComparableValue.Type>
              <microAmount>346000000</microAmount>
            </cost>
            <impressions>5930</impressions>
            <promotedImpressions>0</promotedImpressions>
          </landscapePoints>
          <criterionId>93947543114</criterionId>
        </entries>
      </rval>
    </getCriterionBidLandscapeResponse>
  </soap:Body>
</soap:Envelope>

[Feb 05 2016 13:59:58.000000 - INFO] POST /api/adwords/cm/v201509/DataService HTTP/1.1
Host: adwords.google.com
Connection: Keep-Alive
User-Agent: PHP-SOAP/5.5.12, gzip
Accept-Encoding: gzip, deflate
Content-Encoding: gzip
Content-Type: text/xml; charset=utf-8
SOAPAction: ""
Content-Length: 515
Authorization: Bearer ya29.fwKAGeoaurtzwG1LbCrZZOuDaE6ILEj77yYQ2Ca7nYo36agZ4H5jlx7XdBUDh-d9S6RYng

<?xml version="1.0" encoding="UTF-8"?>
<SOAP-ENV:Envelope xmlns:SOAP-ENV="http://schemas.xmlsoap.org/soap/envelope/" xmlns:ns1="https://adwords.google.com/api/adwords/cm/v201509">
  <SOAP-ENV:Header>
    <ns1:RequestHeader>
      <ns1:clientCustomerId>6539291121</ns1:clientCustomerId>
      <ns1:developerToken>cmGKSWCRtO60ETC-qlFKMA</ns1:developerToken>
      <ns1:userAgent>Omnitail (AwApi-PHP/7.0.0, Common-PHP/7.0.0, PHP/5.5.12)</ns1:userAgent>
    </ns1:RequestHeader>
  </SOAP-ENV:Header>
  <SOAP-ENV:Body>
    <ns1:getCriterionBidLandscape>
      <ns1:serviceSelector>
        <ns1:fields>AdGroupId</ns1:fields>
        <ns1:fields>CriterionId</ns1:fields>
        <ns1:fields>StartDate</ns1:fields>
        <ns1:fields>EndDate</ns1:fields>
        <ns1:fields>Bid</ns1:fields>
        <ns1:fields>LocalClicks</ns1:fields>
        <ns1:fields>LocalCost</ns1:fields>
        <ns1:fields>LocalImpressions</ns1:fields>
        <ns1:predicates>
          <ns1:field>AdGroupId</ns1:field>
          <ns1:operator>IN</ns1:operator>
          <ns1:values>18855360194</ns1:values>
        </ns1:predicates>
        <ns1:paging>
          <ns1:startIndex>500</ns1:startIndex>
          <ns1:numberResults>500</ns1:numberResults>
        </ns1:paging>
      </ns1:serviceSelector>
    </ns1:getCriterionBidLandscape>
  </SOAP-ENV:Body>
</SOAP-ENV:Envelope>

HTTP/1.1 200 OK
Content-Type: text/xml; charset=UTF-8
Content-Encoding: gzip
Date: Fri, 05 Feb 2016 12:59:59 GMT
Expires: Fri, 05 Feb 2016 12:59:59 GMT
Cache-Control: private, max-age=0
X-Content-Type-Options: nosniff
X-Frame-Options: SAMEORIGIN
X-XSS-Protection: 1; mode=block
Content-Length: 317
Server: GSE

<?xml version="1.0"?>
<soap:Envelope xmlns:soap="http://schemas.xmlsoap.org/soap/envelope/">
  <soap:Header>
    <ResponseHeader xmlns="https://adwords.google.com/api/adwords/cm/v201509">
      <requestId>00052b056dc0d0a80a4cafe9b3098496</requestId>
      <serviceName>DataService</serviceName>
      <methodName>getCriterionBidLandscape</methodName>
      <operations>1</operations>
      <responseTime>133</responseTime>
    </ResponseHeader>
  </soap:Header>
  <soap:Body>
    <getCriterionBidLandscapeResponse xmlns="https://adwords.google.com/api/adwords/cm/v201509">
      <rval>
        <totalNumEntries>0</totalNumEntries>
        <Page.Type>CriterionBidLandscapePage</Page.Type>
      </rval>
    </getCriterionBidLandscapeResponse>
  </soap:Body>
</soap:Envelope>

